[0.197s] DEBUG:colcon:Command line arguments: ['/usr/bin/colcon', 'build', '--cmake-args', '-DCMAKE_BUILD_TYPE=Debug']
[0.197s] DEBUG:colcon:Parsed command line arguments: Namespace(ament_cmake_args=None, base_paths=['.'], build_base='build', catkin_cmake_args=None, catkin_skip_building_tests=False, cmake_args=['-DCMAKE_BUILD_TYPE=Debug'], cmake_clean_cache=False, cmake_clean_first=False, cmake_force_configure=False, cmake_target=None, cmake_target_skip_unavailable=False, continue_on_error=False, event_handlers=None, executor='parallel', ignore_user_meta=False, install_base='install', log_base=None, log_level=None, main=<bound method BuildVerb.main of <colcon_core.verb.build.BuildVerb object at 0xffffad193040>>, merge_install=False, metas=['./colcon.meta'], packages_above=None, packages_above_and_dependencies=None, packages_above_depth=None, packages_end=None, packages_ignore=None, packages_ignore_regex=None, packages_select=None, packages_select_build_failed=False, packages_select_by_dep=None, packages_select_regex=None, packages_select_test_failures=False, packages_skip=None, packages_skip_build_finished=False, packages_skip_by_dep=None, packages_skip_regex=None, packages_skip_test_passed=False, packages_skip_up_to=None, packages_start=None, packages_up_to=None, packages_up_to_regex=None, parallel_workers=6, paths=None, symlink_install=False, test_result_base=None, verb_extension=<colcon_core.verb.build.BuildVerb object at 0xffffad193040>, verb_name='build', verb_parser=<colcon_defaults.argument_parser.defaults.DefaultArgumentsDecorator object at 0xffffad1935b0>)
[0.202s] Level 1:colcon.colcon_core.package_discovery:discover_packages(colcon_meta) check parameters
[0.202s] Level 1:colcon.colcon_core.package_discovery:discover_packages(recursive) check parameters
[0.202s] Level 1:colcon.colcon_core.package_discovery:discover_packages(ignore) check parameters
[0.202s] Level 1:colcon.colcon_core.package_discovery:discover_packages(path) check parameters
[0.202s] Level 1:colcon.colcon_core.package_discovery:discover_packages(colcon_meta) discover
[0.203s] Level 1:colcon.colcon_core.package_discovery:discover_packages(recursive) discover
[0.203s] INFO:colcon.colcon_core.package_discovery:Crawling recursively for packages in '/media/psf/CODE/ros-test'
[0.203s] Level 1:colcon.colcon_core.package_identification:_identify(.) by extensions ['ignore', 'ignore_ament_install']
[0.203s] Level 1:colcon.colcon_core.package_identification:_identify(.) by extension 'ignore'
[0.203s] Level 1:colcon.colcon_core.package_identification:_identify(.) by extension 'ignore_ament_install'
[0.203s] Level 1:colcon.colcon_core.package_identification:_identify(.) by extensions ['colcon_pkg']
[0.203s] Level 1:colcon.colcon_core.package_identification:_identify(.) by extension 'colcon_pkg'
[0.203s] Level 1:colcon.colcon_core.package_identification:_identify(.) by extensions ['colcon_meta']
[0.204s] Level 1:colcon.colcon_core.package_identification:_identify(.) by extension 'colcon_meta'
[0.204s] Level 1:colcon.colcon_core.package_identification:_identify(.) by extensions ['ros']
[0.204s] Level 1:colcon.colcon_core.package_identification:_identify(.) by extension 'ros'
[0.211s] Level 1:colcon.colcon_core.package_identification:_identify(.) by extensions ['cmake', 'python']
[0.211s] Level 1:colcon.colcon_core.package_identification:_identify(.) by extension 'cmake'
[0.211s] Level 1:colcon.colcon_core.package_identification:_identify(.) by extension 'python'
[0.212s] Level 1:colcon.colcon_core.package_identification:_identify(.) by extensions ['python_setup_py']
[0.212s] Level 1:colcon.colcon_core.package_identification:_identify(.) by extension 'python_setup_py'
[0.212s] Level 1:colcon.colcon_core.package_identification:_identify(build) by extensions ['ignore', 'ignore_ament_install']
[0.212s] Level 1:colcon.colcon_core.package_identification:_identify(build) by extension 'ignore'
[0.212s] Level 1:colcon.colcon_core.package_identification:_identify(build) ignored
[0.213s] Level 1:colcon.colcon_core.package_identification:_identify(install) by extensions ['ignore', 'ignore_ament_install']
[0.213s] Level 1:colcon.colcon_core.package_identification:_identify(install) by extension 'ignore'
[0.213s] Level 1:colcon.colcon_core.package_identification:_identify(install) ignored
[0.214s] Level 1:colcon.colcon_core.package_identification:_identify(log) by extensions ['ignore', 'ignore_ament_install']
[0.214s] Level 1:colcon.colcon_core.package_identification:_identify(log) by extension 'ignore'
[0.214s] Level 1:colcon.colcon_core.package_identification:_identify(log) ignored
[0.214s] Level 1:colcon.colcon_core.package_identification:_identify(src) by extensions ['ignore', 'ignore_ament_install']
[0.214s] Level 1:colcon.colcon_core.package_identification:_identify(src) by extension 'ignore'
[0.214s] Level 1:colcon.colcon_core.package_identification:_identify(src) by extension 'ignore_ament_install'
[0.214s] Level 1:colcon.colcon_core.package_identification:_identify(src) by extensions ['colcon_pkg']
[0.214s] Level 1:colcon.colcon_core.package_identification:_identify(src) by extension 'colcon_pkg'
[0.215s] Level 1:colcon.colcon_core.package_identification:_identify(src) by extensions ['colcon_meta']
[0.215s] Level 1:colcon.colcon_core.package_identification:_identify(src) by extension 'colcon_meta'
[0.215s] Level 1:colcon.colcon_core.package_identification:_identify(src) by extensions ['ros']
[0.215s] Level 1:colcon.colcon_core.package_identification:_identify(src) by extension 'ros'
[0.215s] Level 1:colcon.colcon_core.package_identification:_identify(src) by extensions ['cmake', 'python']
[0.215s] Level 1:colcon.colcon_core.package_identification:_identify(src) by extension 'cmake'
[0.215s] Level 1:colcon.colcon_core.package_identification:_identify(src) by extension 'python'
[0.215s] Level 1:colcon.colcon_core.package_identification:_identify(src) by extensions ['python_setup_py']
[0.215s] Level 1:colcon.colcon_core.package_identification:_identify(src) by extension 'python_setup_py'
[0.216s] Level 1:colcon.colcon_core.package_identification:_identify(src/test_pkg) by extensions ['ignore', 'ignore_ament_install']
[0.216s] Level 1:colcon.colcon_core.package_identification:_identify(src/test_pkg) by extension 'ignore'
[0.216s] Level 1:colcon.colcon_core.package_identification:_identify(src/test_pkg) by extension 'ignore_ament_install'
[0.216s] Level 1:colcon.colcon_core.package_identification:_identify(src/test_pkg) by extensions ['colcon_pkg']
[0.216s] Level 1:colcon.colcon_core.package_identification:_identify(src/test_pkg) by extension 'colcon_pkg'
[0.216s] Level 1:colcon.colcon_core.package_identification:_identify(src/test_pkg) by extensions ['colcon_meta']
[0.216s] Level 1:colcon.colcon_core.package_identification:_identify(src/test_pkg) by extension 'colcon_meta'
[0.216s] Level 1:colcon.colcon_core.package_identification:_identify(src/test_pkg) by extensions ['ros']
[0.216s] Level 1:colcon.colcon_core.package_identification:_identify(src/test_pkg) by extension 'ros'
[0.218s] DEBUG:colcon.colcon_core.package_identification:Package 'src/test_pkg' with type 'ros.ament_cmake' and name 'test_pkg'
[0.218s] Level 1:colcon.colcon_core.package_discovery:discover_packages(recursive) using defaults
[0.219s] Level 1:colcon.colcon_core.package_discovery:discover_packages(ignore) discover
[0.219s] Level 1:colcon.colcon_core.package_discovery:discover_packages(ignore) using defaults
[0.219s] Level 1:colcon.colcon_core.package_discovery:discover_packages(path) discover
[0.219s] Level 1:colcon.colcon_core.package_discovery:discover_packages(path) using defaults
[0.230s] Level 5:colcon.colcon_core.verb:set package 'test_pkg' build argument 'cmake_args' from command line to '['-DCMAKE_BUILD_TYPE=Debug']'
[0.230s] Level 5:colcon.colcon_core.verb:set package 'test_pkg' build argument 'cmake_target' from command line to 'None'
[0.230s] Level 5:colcon.colcon_core.verb:set package 'test_pkg' build argument 'cmake_target_skip_unavailable' from command line to 'False'
[0.230s] Level 5:colcon.colcon_core.verb:set package 'test_pkg' build argument 'cmake_clean_cache' from command line to 'False'
[0.230s] Level 5:colcon.colcon_core.verb:set package 'test_pkg' build argument 'cmake_clean_first' from command line to 'False'
[0.230s] Level 5:colcon.colcon_core.verb:set package 'test_pkg' build argument 'cmake_force_configure' from command line to 'False'
[0.230s] Level 5:colcon.colcon_core.verb:set package 'test_pkg' build argument 'ament_cmake_args' from command line to 'None'
[0.230s] Level 5:colcon.colcon_core.verb:set package 'test_pkg' build argument 'catkin_cmake_args' from command line to 'None'
[0.230s] Level 5:colcon.colcon_core.verb:set package 'test_pkg' build argument 'catkin_skip_building_tests' from command line to 'False'
[0.230s] DEBUG:colcon.colcon_core.verb:Building package 'test_pkg' with the following arguments: {'ament_cmake_args': None, 'build_base': '/media/psf/CODE/ros-test/build/test_pkg', 'catkin_cmake_args': None, 'catkin_skip_building_tests': False, 'cmake_args': ['-DCMAKE_BUILD_TYPE=Debug'], 'cmake_clean_cache': False, 'cmake_clean_first': False, 'cmake_force_configure': False, 'cmake_target': None, 'cmake_target_skip_unavailable': False, 'install_base': '/media/psf/CODE/ros-test/install/test_pkg', 'merge_install': False, 'path': '/media/psf/CODE/ros-test/src/test_pkg', 'symlink_install': False, 'test_result_base': None}
[0.231s] INFO:colcon.colcon_core.executor:Executing jobs using 'parallel' executor
[0.232s] DEBUG:colcon.colcon_parallel_executor.executor.parallel:run_until_complete
[0.232s] INFO:colcon.colcon_ros.task.ament_cmake.build:Building ROS package in '/media/psf/CODE/ros-test/src/test_pkg' with build type 'ament_cmake'
[0.232s] INFO:colcon.colcon_cmake.task.cmake.build:Building CMake package in '/media/psf/CODE/ros-test/src/test_pkg'
[0.235s] INFO:colcon.colcon_core.plugin_system:Skipping extension 'colcon_core.shell.bat': Not used on non-Windows systems
[0.235s] INFO:colcon.colcon_core.shell:Skip shell extension 'powershell' for command environment: Not usable outside of PowerShell
[0.235s] DEBUG:colcon.colcon_core.shell:Skip shell extension 'dsv' for command environment
[0.237s] DEBUG:colcon.colcon_core.shell:Ignoring prefix path '/opt/ros/galactic'
[0.246s] DEBUG:colcon.colcon_core.event_handler.log_command:Invoking command in '/media/psf/CODE/ros-test/build/test_pkg': CMAKE_PREFIX_PATH=/opt/ros/galactic /usr/bin/cmake /media/psf/CODE/ros-test/src/test_pkg -DCMAKE_BUILD_TYPE=Debug -DCMAKE_INSTALL_PREFIX=/media/psf/CODE/ros-test/install/test_pkg
[74.912s] DEBUG:colcon.colcon_core.event_handler.log_command:Invoked command in '/media/psf/CODE/ros-test/build/test_pkg' returned '0': CMAKE_PREFIX_PATH=/opt/ros/galactic /usr/bin/cmake /media/psf/CODE/ros-test/src/test_pkg -DCMAKE_BUILD_TYPE=Debug -DCMAKE_INSTALL_PREFIX=/media/psf/CODE/ros-test/install/test_pkg
[74.915s] DEBUG:colcon.colcon_core.event_handler.log_command:Invoking command in '/media/psf/CODE/ros-test/build/test_pkg': CMAKE_PREFIX_PATH=/opt/ros/galactic /usr/bin/cmake --build /media/psf/CODE/ros-test/build/test_pkg -- -j6 -l6
[80.748s] DEBUG:colcon.colcon_core.event_handler.log_command:Invoked command in '/media/psf/CODE/ros-test/build/test_pkg' returned '0': CMAKE_PREFIX_PATH=/opt/ros/galactic /usr/bin/cmake --build /media/psf/CODE/ros-test/build/test_pkg -- -j6 -l6
[80.766s] DEBUG:colcon.colcon_core.event_handler.log_command:Invoking command in '/media/psf/CODE/ros-test/build/test_pkg': CMAKE_PREFIX_PATH=/opt/ros/galactic /usr/bin/cmake --install /media/psf/CODE/ros-test/build/test_pkg
[81.262s] Level 1:colcon.colcon_core.environment:create_environment_scripts_only(test_pkg)
[81.263s] DEBUG:colcon.colcon_core.event_handler.log_command:Invoked command in '/media/psf/CODE/ros-test/build/test_pkg' returned '0': CMAKE_PREFIX_PATH=/opt/ros/galactic /usr/bin/cmake --install /media/psf/CODE/ros-test/build/test_pkg
[81.266s] Level 1:colcon.colcon_core.environment:checking '/media/psf/CODE/ros-test/install/test_pkg' for CMake module files
[81.268s] Level 1:colcon.colcon_core.environment:checking '/media/psf/CODE/ros-test/install/test_pkg' for CMake config files
[81.271s] Level 1:colcon.colcon_core.shell:create_environment_hook('test_pkg', 'cmake_prefix_path')
[81.271s] INFO:colcon.colcon_core.shell:Creating environment hook '/media/psf/CODE/ros-test/install/test_pkg/share/test_pkg/hook/cmake_prefix_path.ps1'
[81.273s] INFO:colcon.colcon_core.shell:Creating environment descriptor '/media/psf/CODE/ros-test/install/test_pkg/share/test_pkg/hook/cmake_prefix_path.dsv'
[81.273s] INFO:colcon.colcon_core.shell:Creating environment hook '/media/psf/CODE/ros-test/install/test_pkg/share/test_pkg/hook/cmake_prefix_path.sh'
[81.275s] Level 1:colcon.colcon_core.environment:checking '/media/psf/CODE/ros-test/install/test_pkg/lib'
[81.275s] Level 1:colcon.colcon_core.environment:checking '/media/psf/CODE/ros-test/install/test_pkg/bin'
[81.275s] Level 1:colcon.colcon_core.environment:checking '/media/psf/CODE/ros-test/install/test_pkg/lib/pkgconfig/test_pkg.pc'
[81.275s] Level 1:colcon.colcon_core.environment:checking '/media/psf/CODE/ros-test/install/test_pkg/lib/python3.8/site-packages'
[81.276s] INFO:colcon.colcon_core.shell:Creating package script '/media/psf/CODE/ros-test/install/test_pkg/share/test_pkg/package.ps1'
[81.276s] INFO:colcon.colcon_core.shell:Creating package descriptor '/media/psf/CODE/ros-test/install/test_pkg/share/test_pkg/package.dsv'
[81.277s] INFO:colcon.colcon_core.shell:Creating package script '/media/psf/CODE/ros-test/install/test_pkg/share/test_pkg/package.sh'
[81.278s] INFO:colcon.colcon_core.shell:Creating package script '/media/psf/CODE/ros-test/install/test_pkg/share/test_pkg/package.bash'
[81.279s] INFO:colcon.colcon_core.shell:Creating package script '/media/psf/CODE/ros-test/install/test_pkg/share/test_pkg/package.zsh'
[81.280s] Level 1:colcon.colcon_core.environment:create_file_with_runtime_dependencies(/media/psf/CODE/ros-test/install/test_pkg/share/colcon-core/packages/test_pkg)
[81.293s] Level 1:colcon.colcon_core.environment:create_environment_scripts_only(test_pkg)
[81.294s] Level 1:colcon.colcon_core.environment:checking '/media/psf/CODE/ros-test/install/test_pkg' for CMake module files
[81.295s] Level 1:colcon.colcon_core.environment:checking '/media/psf/CODE/ros-test/install/test_pkg' for CMake config files
[81.298s] Level 1:colcon.colcon_core.shell:create_environment_hook('test_pkg', 'cmake_prefix_path')
[81.299s] INFO:colcon.colcon_core.shell:Creating environment hook '/media/psf/CODE/ros-test/install/test_pkg/share/test_pkg/hook/cmake_prefix_path.ps1'
[81.299s] INFO:colcon.colcon_core.shell:Creating environment descriptor '/media/psf/CODE/ros-test/install/test_pkg/share/test_pkg/hook/cmake_prefix_path.dsv'
[81.300s] INFO:colcon.colcon_core.shell:Creating environment hook '/media/psf/CODE/ros-test/install/test_pkg/share/test_pkg/hook/cmake_prefix_path.sh'
[81.301s] Level 1:colcon.colcon_core.environment:checking '/media/psf/CODE/ros-test/install/test_pkg/lib'
[81.301s] Level 1:colcon.colcon_core.environment:checking '/media/psf/CODE/ros-test/install/test_pkg/bin'
[81.302s] Level 1:colcon.colcon_core.environment:checking '/media/psf/CODE/ros-test/install/test_pkg/lib/pkgconfig/test_pkg.pc'
[81.302s] Level 1:colcon.colcon_core.environment:checking '/media/psf/CODE/ros-test/install/test_pkg/lib/python3.8/site-packages'
[81.302s] INFO:colcon.colcon_core.shell:Creating package script '/media/psf/CODE/ros-test/install/test_pkg/share/test_pkg/package.ps1'
[81.303s] INFO:colcon.colcon_core.shell:Creating package descriptor '/media/psf/CODE/ros-test/install/test_pkg/share/test_pkg/package.dsv'
[81.303s] INFO:colcon.colcon_core.shell:Creating package script '/media/psf/CODE/ros-test/install/test_pkg/share/test_pkg/package.sh'
[81.304s] INFO:colcon.colcon_core.shell:Creating package script '/media/psf/CODE/ros-test/install/test_pkg/share/test_pkg/package.bash'
[81.305s] INFO:colcon.colcon_core.shell:Creating package script '/media/psf/CODE/ros-test/install/test_pkg/share/test_pkg/package.zsh'
[81.305s] Level 1:colcon.colcon_core.environment:create_file_with_runtime_dependencies(/media/psf/CODE/ros-test/install/test_pkg/share/colcon-core/packages/test_pkg)
[81.306s] DEBUG:colcon.colcon_parallel_executor.executor.parallel:closing loop
[81.306s] DEBUG:colcon.colcon_parallel_executor.executor.parallel:loop closed
[81.306s] DEBUG:colcon.colcon_parallel_executor.executor.parallel:run_until_complete finished with '0'
[81.306s] DEBUG:colcon.colcon_core.event_reactor:joining thread
[81.311s] INFO:colcon.colcon_core.plugin_system:Skipping extension 'colcon_notification.desktop_notification.notify_send': Could not find 'notify-send'
[81.311s] INFO:colcon.colcon_core.plugin_system:Skipping extension 'colcon_notification.desktop_notification.terminal_notifier': Not used on non-Darwin systems
[81.311s] INFO:colcon.colcon_core.plugin_system:Skipping extension 'colcon_notification.desktop_notification.win32': Not used on non-Windows systems
[81.311s] INFO:colcon.colcon_notification.desktop_notification:Sending desktop notification using 'notify2'
[81.315s] DEBUG:colcon.colcon_notification.desktop_notification.notify2:Failed to initialize notify2: org.freedesktop.DBus.Error.ServiceUnknown: The name org.freedesktop.Notifications was not provided by any .service files
[81.315s] DEBUG:colcon.colcon_core.event_reactor:joined thread
[81.316s] INFO:colcon.colcon_core.shell:Creating prefix script '/media/psf/CODE/ros-test/install/local_setup.ps1'
[81.317s] INFO:colcon.colcon_core.shell:Creating prefix util module '/media/psf/CODE/ros-test/install/_local_setup_util_ps1.py'
[81.318s] INFO:colcon.colcon_core.shell:Creating prefix chain script '/media/psf/CODE/ros-test/install/setup.ps1'
[81.320s] INFO:colcon.colcon_core.shell:Creating prefix script '/media/psf/CODE/ros-test/install/local_setup.sh'
[81.320s] INFO:colcon.colcon_core.shell:Creating prefix util module '/media/psf/CODE/ros-test/install/_local_setup_util_sh.py'
[81.321s] INFO:colcon.colcon_core.shell:Creating prefix chain script '/media/psf/CODE/ros-test/install/setup.sh'
[81.323s] INFO:colcon.colcon_core.shell:Creating prefix script '/media/psf/CODE/ros-test/install/local_setup.bash'
[81.323s] INFO:colcon.colcon_core.shell:Creating prefix chain script '/media/psf/CODE/ros-test/install/setup.bash'
[81.325s] INFO:colcon.colcon_core.shell:Creating prefix script '/media/psf/CODE/ros-test/install/local_setup.zsh'
[81.325s] INFO:colcon.colcon_core.shell:Creating prefix chain script '/media/psf/CODE/ros-test/install/setup.zsh'
