[0.000000] (-) TimerEvent: {}
[0.000309] (test_pkg) JobQueued: {'identifier': 'test_pkg', 'dependencies': OrderedDict()}
[0.000420] (test_pkg) JobStarted: {'identifier': 'test_pkg'}
[0.014052] (test_pkg) JobProgress: {'identifier': 'test_pkg', 'progress': 'cmake'}
[0.015956] (test_pkg) JobProgress: {'identifier': 'test_pkg', 'progress': 'build'}
[0.016777] (test_pkg) Command: {'cmd': ['/usr/bin/cmake', '--build', '/media/psf/CODE/ros-test/build/test_pkg', '--', '-j6', '-l6'], 'cwd': '/media/psf/CODE/ros-test/build/test_pkg', 'env': OrderedDict([('LESSOPEN', '| /usr/bin/lesspipe %s'), ('USER', 'parallels'), ('SSH_CLIENT', '10.0.0.244 57739 22'), ('XDG_SESSION_TYPE', 'tty'), ('GIT_ASKPASS', '/home/parallels/.vscode-server/bin/3866c3553be8b268c8a7f8c0482c0c0177aa8bfa/extensions/git/dist/askpass.sh'), ('SHLVL', '1'), ('LD_LIBRARY_PATH', '/opt/ros/galactic/opt/yaml_cpp_vendor/lib:/opt/ros/galactic/lib/aarch64-linux-gnu:/opt/ros/galactic/lib'), ('BROWSER', '/home/parallels/.vscode-server/bin/3866c3553be8b268c8a7f8c0482c0c0177aa8bfa/bin/helpers/browser.sh'), ('MOTD_SHOWN', 'pam'), ('HOME', '/home/parallels'), ('TERM_PROGRAM_VERSION', '1.59.1'), ('VSCODE_IPC_HOOK_CLI', '/run/user/1000/vscode-ipc-b89287c7-07c1-4005-b434-8d8a1244f623.sock'), ('ROS_PYTHON_VERSION', '3'), ('VSCODE_GIT_ASKPASS_MAIN', '/home/parallels/.vscode-server/bin/3866c3553be8b268c8a7f8c0482c0c0177aa8bfa/extensions/git/dist/askpass-main.js'), ('VSCODE_GIT_ASKPASS_NODE', '/home/parallels/.vscode-server/bin/3866c3553be8b268c8a7f8c0482c0c0177aa8bfa/node'), ('DBUS_SESSION_BUS_ADDRESS', 'unix:path=/run/user/1000/bus'), ('COLORTERM', 'truecolor'), ('ROS_DISTRO', 'galactic'), ('LOGNAME', 'parallels'), ('_', '/usr/bin/colcon'), ('ROS_VERSION', '2'), ('XDG_SESSION_CLASS', 'user'), ('TERM', 'xterm-256color'), ('XDG_SESSION_ID', '2'), ('ROS_LOCALHOST_ONLY', '0'), ('PATH', '/home/parallels/.vscode-server/bin/3866c3553be8b268c8a7f8c0482c0c0177aa8bfa/bin:/home/parallels/.local/bin:/opt/ros/galactic/bin:/home/parallels/.vscode-server/bin/3866c3553be8b268c8a7f8c0482c0c0177aa8bfa/bin:/home/parallels/.local/bin:/usr/local/sbin:/usr/local/bin:/usr/sbin:/usr/bin:/sbin:/bin:/usr/games:/usr/local/games:/snap/bin'), ('XDG_RUNTIME_DIR', '/run/user/1000'), ('LANG', 'en_US.UTF-8'), ('VSCODE_GIT_IPC_HANDLE', '/run/user/1000/vscode-git-8578a3bf13.sock'), ('TERM_PROGRAM', 'vscode'), ('AMENT_PREFIX_PATH', '/opt/ros/galactic'), ('SHELL', '/bin/bash'), ('LESSCLOSE', '/usr/bin/lesspipe %s %s'), ('PWD', '/media/psf/CODE/ros-test/build/test_pkg'), ('SSH_CONNECTION', '10.0.0.244 57739 10.0.0.226 22'), ('XDG_DATA_DIRS', '/usr/local/share:/usr/share:/var/lib/snapd/desktop'), ('PYTHONPATH', '/opt/ros/galactic/lib/python3.8/site-packages'), ('COLCON', '1'), ('CMAKE_PREFIX_PATH', '/opt/ros/galactic')]), 'shell': False}
[0.099717] (-) TimerEvent: {}
[0.101981] (test_pkg) StdoutLine: {'line': b'[ 50%] Built target talker\n'}
[0.105931] (test_pkg) StdoutLine: {'line': b'[100%] Built target listener\n'}
[0.112573] (test_pkg) CommandEnded: {'returncode': 0}
[0.125213] (test_pkg) JobProgress: {'identifier': 'test_pkg', 'progress': 'install'}
[0.130451] (test_pkg) Command: {'cmd': ['/usr/bin/cmake', '--install', '/media/psf/CODE/ros-test/build/test_pkg'], 'cwd': '/media/psf/CODE/ros-test/build/test_pkg', 'env': OrderedDict([('LESSOPEN', '| /usr/bin/lesspipe %s'), ('USER', 'parallels'), ('SSH_CLIENT', '10.0.0.244 57739 22'), ('XDG_SESSION_TYPE', 'tty'), ('GIT_ASKPASS', '/home/parallels/.vscode-server/bin/3866c3553be8b268c8a7f8c0482c0c0177aa8bfa/extensions/git/dist/askpass.sh'), ('SHLVL', '1'), ('LD_LIBRARY_PATH', '/opt/ros/galactic/opt/yaml_cpp_vendor/lib:/opt/ros/galactic/lib/aarch64-linux-gnu:/opt/ros/galactic/lib'), ('BROWSER', '/home/parallels/.vscode-server/bin/3866c3553be8b268c8a7f8c0482c0c0177aa8bfa/bin/helpers/browser.sh'), ('MOTD_SHOWN', 'pam'), ('HOME', '/home/parallels'), ('TERM_PROGRAM_VERSION', '1.59.1'), ('VSCODE_IPC_HOOK_CLI', '/run/user/1000/vscode-ipc-b89287c7-07c1-4005-b434-8d8a1244f623.sock'), ('ROS_PYTHON_VERSION', '3'), ('VSCODE_GIT_ASKPASS_MAIN', '/home/parallels/.vscode-server/bin/3866c3553be8b268c8a7f8c0482c0c0177aa8bfa/extensions/git/dist/askpass-main.js'), ('VSCODE_GIT_ASKPASS_NODE', '/home/parallels/.vscode-server/bin/3866c3553be8b268c8a7f8c0482c0c0177aa8bfa/node'), ('DBUS_SESSION_BUS_ADDRESS', 'unix:path=/run/user/1000/bus'), ('COLORTERM', 'truecolor'), ('ROS_DISTRO', 'galactic'), ('LOGNAME', 'parallels'), ('_', '/usr/bin/colcon'), ('ROS_VERSION', '2'), ('XDG_SESSION_CLASS', 'user'), ('TERM', 'xterm-256color'), ('XDG_SESSION_ID', '2'), ('ROS_LOCALHOST_ONLY', '0'), ('PATH', '/home/parallels/.vscode-server/bin/3866c3553be8b268c8a7f8c0482c0c0177aa8bfa/bin:/home/parallels/.local/bin:/opt/ros/galactic/bin:/home/parallels/.vscode-server/bin/3866c3553be8b268c8a7f8c0482c0c0177aa8bfa/bin:/home/parallels/.local/bin:/usr/local/sbin:/usr/local/bin:/usr/sbin:/usr/bin:/sbin:/bin:/usr/games:/usr/local/games:/snap/bin'), ('XDG_RUNTIME_DIR', '/run/user/1000'), ('LANG', 'en_US.UTF-8'), ('VSCODE_GIT_IPC_HANDLE', '/run/user/1000/vscode-git-8578a3bf13.sock'), ('TERM_PROGRAM', 'vscode'), ('AMENT_PREFIX_PATH', '/opt/ros/galactic'), ('SHELL', '/bin/bash'), ('LESSCLOSE', '/usr/bin/lesspipe %s %s'), ('PWD', '/media/psf/CODE/ros-test/build/test_pkg'), ('SSH_CONNECTION', '10.0.0.244 57739 10.0.0.226 22'), ('XDG_DATA_DIRS', '/usr/local/share:/usr/share:/var/lib/snapd/desktop'), ('PYTHONPATH', '/opt/ros/galactic/lib/python3.8/site-packages'), ('COLCON', '1'), ('CMAKE_PREFIX_PATH', '/opt/ros/galactic')]), 'shell': False}
[0.135107] (test_pkg) StdoutLine: {'line': b'-- Install configuration: "Debug"\n'}
[0.135754] (test_pkg) StdoutLine: {'line': b'-- Up-to-date: /media/psf/CODE/ros-test/install/test_pkg/share/ament_index/resource_index/package_run_dependencies/test_pkg\n'}
[0.136100] (test_pkg) StdoutLine: {'line': b'-- Up-to-date: /media/psf/CODE/ros-test/install/test_pkg/share/ament_index/resource_index/parent_prefix_path/test_pkg\n'}
[0.136435] (test_pkg) StdoutLine: {'line': b'-- Up-to-date: /media/psf/CODE/ros-test/install/test_pkg/share/test_pkg/environment/ament_prefix_path.sh\n'}
[0.136751] (test_pkg) StdoutLine: {'line': b'-- Up-to-date: /media/psf/CODE/ros-test/install/test_pkg/share/test_pkg/environment/ament_prefix_path.dsv\n'}
[0.137039] (test_pkg) StdoutLine: {'line': b'-- Up-to-date: /media/psf/CODE/ros-test/install/test_pkg/share/test_pkg/environment/path.sh\n'}
[0.137379] (test_pkg) StdoutLine: {'line': b'-- Up-to-date: /media/psf/CODE/ros-test/install/test_pkg/share/test_pkg/environment/path.dsv\n'}
[0.137668] (test_pkg) StdoutLine: {'line': b'-- Up-to-date: /media/psf/CODE/ros-test/install/test_pkg/share/test_pkg/local_setup.bash\n'}
[0.137931] (test_pkg) StdoutLine: {'line': b'-- Up-to-date: /media/psf/CODE/ros-test/install/test_pkg/share/test_pkg/local_setup.sh\n'}
[0.138442] (test_pkg) StdoutLine: {'line': b'-- Up-to-date: /media/psf/CODE/ros-test/install/test_pkg/share/test_pkg/local_setup.zsh\n'}
[0.138766] (test_pkg) StdoutLine: {'line': b'-- Up-to-date: /media/psf/CODE/ros-test/install/test_pkg/share/test_pkg/local_setup.dsv\n'}
[0.139035] (test_pkg) StdoutLine: {'line': b'-- Installing: /media/psf/CODE/ros-test/install/test_pkg/share/test_pkg/package.dsv\n'}
[0.140217] (test_pkg) StdoutLine: {'line': b'-- Up-to-date: /media/psf/CODE/ros-test/install/test_pkg/share/ament_index/resource_index/packages/test_pkg\n'}
[0.140477] (test_pkg) StdoutLine: {'line': b'-- Up-to-date: /media/psf/CODE/ros-test/install/test_pkg/share/test_pkg/cmake/test_pkgConfig.cmake\n'}
[0.140728] (test_pkg) StdoutLine: {'line': b'-- Up-to-date: /media/psf/CODE/ros-test/install/test_pkg/share/test_pkg/cmake/test_pkgConfig-version.cmake\n'}
[0.141009] (test_pkg) StdoutLine: {'line': b'-- Up-to-date: /media/psf/CODE/ros-test/install/test_pkg/share/test_pkg/package.xml\n'}
[0.141673] (test_pkg) StdoutLine: {'line': b'-- Up-to-date: /media/psf/CODE/ros-test/install/test_pkg/lib/test_pkg/talker\n'}
[0.143094] (test_pkg) StdoutLine: {'line': b'-- Up-to-date: /media/psf/CODE/ros-test/install/test_pkg/lib/test_pkg/listener\n'}
[0.145675] (test_pkg) CommandEnded: {'returncode': 0}
[0.188509] (test_pkg) JobEnded: {'identifier': 'test_pkg', 'rc': 0}
[0.189626] (-) EventReactorShutdown: {}
