[0.000000] (-) TimerEvent: {}
[0.000685] (test_pkg) JobQueued: {'identifier': 'test_pkg', 'dependencies': OrderedDict()}
[0.000802] (test_pkg) JobStarted: {'identifier': 'test_pkg'}
[0.006888] (test_pkg) JobProgress: {'identifier': 'test_pkg', 'progress': 'cmake'}
[0.008517] (test_pkg) Command: {'cmd': ['/usr/bin/cmake', '/media/psf/CODE/ros-test/src/test_pkg', '-DCMAKE_BUILD_TYPE=Debug', '-DCMAKE_INSTALL_PREFIX=/media/psf/CODE/ros-test/install/test_pkg'], 'cwd': '/media/psf/CODE/ros-test/build/test_pkg', 'env': OrderedDict([('LESSOPEN', '| /usr/bin/lesspipe %s'), ('USER', 'parallels'), ('SSH_CLIENT', '10.0.0.244 56663 22'), ('XDG_SESSION_TYPE', 'tty'), ('GIT_ASKPASS', '/home/parallels/.vscode-server/bin/3866c3553be8b268c8a7f8c0482c0c0177aa8bfa/extensions/git/dist/askpass.sh'), ('SHLVL', '1'), ('LD_LIBRARY_PATH', '/opt/ros/galactic/opt/yaml_cpp_vendor/lib:/opt/ros/galactic/lib/aarch64-linux-gnu:/opt/ros/galactic/lib'), ('BROWSER', '/home/parallels/.vscode-server/bin/3866c3553be8b268c8a7f8c0482c0c0177aa8bfa/bin/helpers/browser.sh'), ('MOTD_SHOWN', 'pam'), ('HOME', '/home/parallels'), ('OLDPWD', '/home/parallels/.vscode-server/bin/3866c3553be8b268c8a7f8c0482c0c0177aa8bfa'), ('TERM_PROGRAM_VERSION', '1.59.1'), ('VSCODE_IPC_HOOK_CLI', '/run/user/1000/vscode-ipc-5418c314-206f-4c33-a7ab-d581d1ae0541.sock'), ('ROS_PYTHON_VERSION', '3'), ('VSCODE_GIT_ASKPASS_MAIN', '/home/parallels/.vscode-server/bin/3866c3553be8b268c8a7f8c0482c0c0177aa8bfa/extensions/git/dist/askpass-main.js'), ('VSCODE_GIT_ASKPASS_NODE', '/home/parallels/.vscode-server/bin/3866c3553be8b268c8a7f8c0482c0c0177aa8bfa/node'), ('DBUS_SESSION_BUS_ADDRESS', 'unix:path=/run/user/1000/bus'), ('COLORTERM', 'truecolor'), ('ROS_DISTRO', 'galactic'), ('LOGNAME', 'parallels'), ('_', '/usr/bin/colcon'), ('ROS_VERSION', '2'), ('XDG_SESSION_CLASS', 'user'), ('TERM', 'xterm-256color'), ('XDG_SESSION_ID', '4'), ('ROS_LOCALHOST_ONLY', '0'), ('PATH', '/home/parallels/.vscode-server/bin/3866c3553be8b268c8a7f8c0482c0c0177aa8bfa/bin:/opt/ros/galactic/bin:/home/parallels/.vscode-server/bin/3866c3553be8b268c8a7f8c0482c0c0177aa8bfa/bin:/usr/local/sbin:/usr/local/bin:/usr/sbin:/usr/bin:/sbin:/bin:/usr/games:/usr/local/games:/snap/bin'), ('XDG_RUNTIME_DIR', '/run/user/1000'), ('LANG', 'en_US.UTF-8'), ('VSCODE_GIT_IPC_HANDLE', '/run/user/1000/vscode-git-8578a3bf13.sock'), ('TERM_PROGRAM', 'vscode'), ('AMENT_PREFIX_PATH', '/opt/ros/galactic'), ('SHELL', '/bin/bash'), ('LESSCLOSE', '/usr/bin/lesspipe %s %s'), ('PWD', '/media/psf/CODE/ros-test/build/test_pkg'), ('SSH_CONNECTION', '10.0.0.244 56663 10.0.0.226 22'), ('XDG_DATA_DIRS', '/usr/local/share:/usr/share:/var/lib/snapd/desktop'), ('PYTHONPATH', '/opt/ros/galactic/lib/python3.8/site-packages'), ('COLCON', '1'), ('CMAKE_PREFIX_PATH', '/opt/ros/galactic')]), 'shell': False}
[0.019258] (test_pkg) StdoutLine: {'line': b'-- Found ament_cmake: 1.1.4 (/opt/ros/galactic/share/ament_cmake/cmake)\n'}
[0.029994] (test_pkg) StdoutLine: {'line': b'-- Using PYTHON_EXECUTABLE: /usr/bin/python3\n'}
[0.063070] (test_pkg) StdoutLine: {'line': b'-- Found rclcpp: 9.1.0 (/opt/ros/galactic/share/rclcpp/cmake)\n'}
[0.083476] (test_pkg) StdoutLine: {'line': b'-- Using single rosidl_typesupport_c: rosidl_typesupport_introspection_c\n'}
[0.085762] (test_pkg) StdoutLine: {'line': b'-- Found rosidl_adapter: 2.2.1 (/opt/ros/galactic/share/rosidl_adapter/cmake)\n'}
[0.095954] (test_pkg) StdoutLine: {'line': b'-- Using single rosidl_typesupport_cpp: rosidl_typesupport_introspection_cpp\n'}
[0.099571] (-) TimerEvent: {}
[0.131661] (test_pkg) StdoutLine: {'line': b'-- Found rmw_implementation_cmake: 3.3.1 (/opt/ros/galactic/share/rmw_implementation_cmake/cmake)\n'}
[0.132867] (test_pkg) StdoutLine: {'line': b'-- Found rmw_cyclonedds_cpp: 0.22.3 (/opt/ros/galactic/share/rmw_cyclonedds_cpp/cmake)\n'}
[0.144886] (test_pkg) StdoutLine: {'line': b"-- Using RMW implementation 'rmw_cyclonedds_cpp' as default\n"}
[0.200315] (-) TimerEvent: {}
[0.256039] (test_pkg) StdoutLine: {'line': b'-- Conan: checking conan executable\n'}
[0.256820] (test_pkg) StderrLine: {'line': b'CMake Error at /media/psf/CODE/ros-test/build/test_pkg/conan.cmake:795 (message):\n'}
[0.257477] (test_pkg) StderrLine: {'line': b'  Conan executable not found! Please install conan.\n'}
[0.257813] (test_pkg) StderrLine: {'line': b'Call Stack (most recent call first):\n'}
[0.258104] (test_pkg) StderrLine: {'line': b'  /media/psf/CODE/ros-test/build/test_pkg/conan.cmake:531 (conan_check)\n'}
[0.258722] (test_pkg) StderrLine: {'line': b'  cmake/Conan.cmake:28 (conan_cmake_install)\n'}
[0.259165] (test_pkg) StderrLine: {'line': b'  CMakeLists.txt:14 (include)\n'}
[0.259816] (test_pkg) StderrLine: {'line': b'\n'}
[0.260348] (test_pkg) StderrLine: {'line': b'\n'}
[0.260939] (test_pkg) StdoutLine: {'line': b'-- Configuring incomplete, errors occurred!\n'}
[0.261349] (test_pkg) StdoutLine: {'line': b'See also "/media/psf/CODE/ros-test/build/test_pkg/CMakeFiles/CMakeOutput.log".\n'}
[0.261787] (test_pkg) StdoutLine: {'line': b'See also "/media/psf/CODE/ros-test/build/test_pkg/CMakeFiles/CMakeError.log".\n'}
[0.265741] (test_pkg) CommandEnded: {'returncode': 1}
[0.285800] (test_pkg) JobEnded: {'identifier': 'test_pkg', 'rc': 1}
[0.297241] (-) EventReactorShutdown: {}
